mode: set
github.com/bmolina1993/mailbox/src/services/deleteDocuments.service.go:32.36,41.16 4 0
github.com/bmolina1993/mailbox/src/services/deleteDocuments.service.go:45.2,46.16 2 0
github.com/bmolina1993/mailbox/src/services/deleteDocuments.service.go:49.2,54.16 5 0
github.com/bmolina1993/mailbox/src/services/deleteDocuments.service.go:57.2,68.20 6 0
github.com/bmolina1993/mailbox/src/services/deleteDocuments.service.go:41.16,43.3 1 0
github.com/bmolina1993/mailbox/src/services/deleteDocuments.service.go:46.16,48.3 1 0
github.com/bmolina1993/mailbox/src/services/deleteDocuments.service.go:54.16,56.3 1 0
github.com/bmolina1993/mailbox/src/services/deleteDocuments.service.go:71.41,77.37 5 0
github.com/bmolina1993/mailbox/src/services/deleteDocuments.service.go:77.37,82.17 4 0
github.com/bmolina1993/mailbox/src/services/deleteDocuments.service.go:85.3,90.17 5 0
github.com/bmolina1993/mailbox/src/services/deleteDocuments.service.go:93.3,95.17 3 0
github.com/bmolina1993/mailbox/src/services/deleteDocuments.service.go:99.3,101.37 3 0
github.com/bmolina1993/mailbox/src/services/deleteDocuments.service.go:82.17,84.4 1 0
github.com/bmolina1993/mailbox/src/services/deleteDocuments.service.go:90.17,92.4 1 0
github.com/bmolina1993/mailbox/src/services/deleteDocuments.service.go:95.17,97.4 1 0
github.com/bmolina1993/mailbox/src/services/extract.service.go:12.52,29.2 6 0
github.com/bmolina1993/mailbox/src/services/extract.service.go:32.43,42.2 5 0
github.com/bmolina1993/mailbox/src/services/extract.service.go:44.43,54.2 5 0
github.com/bmolina1993/mailbox/src/services/extract.service.go:58.43,71.23 5 0
github.com/bmolina1993/mailbox/src/services/extract.service.go:75.2,75.14 1 0
github.com/bmolina1993/mailbox/src/services/extract.service.go:71.23,73.3 1 0
github.com/bmolina1993/mailbox/src/services/extract.service.go:78.46,90.2 6 0
github.com/bmolina1993/mailbox/src/services/extract.service.go:94.87,110.37 10 0
github.com/bmolina1993/mailbox/src/services/extract.service.go:142.2,149.32 5 0
github.com/bmolina1993/mailbox/src/services/extract.service.go:110.37,113.13 2 0
github.com/bmolina1993/mailbox/src/services/extract.service.go:113.13,135.4 9 0
github.com/bmolina1993/mailbox/src/services/extract.service.go:135.9,139.4 2 0
github.com/bmolina1993/mailbox/src/services/extractAllFolders.service.go:5.66,22.34 1 0
github.com/bmolina1993/mailbox/src/services/extractAllFolders.service.go:22.34,43.45 3 0
github.com/bmolina1993/mailbox/src/services/extractAllFolders.service.go:43.45,45.13 2 0
github.com/bmolina1993/mailbox/src/services/extractAllFolders.service.go:45.13,49.24 3 0
github.com/bmolina1993/mailbox/src/services/extractAllFolders.service.go:49.24,50.58 1 0
github.com/bmolina1993/mailbox/src/services/extractAllFolders.service.go:50.58,59.26 6 0
github.com/bmolina1993/mailbox/src/services/extractAllFolders.service.go:107.7,109.47 3 0
github.com/bmolina1993/mailbox/src/services/extractAllFolders.service.go:59.26,60.60 1 0
github.com/bmolina1993/mailbox/src/services/extractAllFolders.service.go:60.60,69.28 6 0
github.com/bmolina1993/mailbox/src/services/extractAllFolders.service.go:101.9,103.49 3 0
github.com/bmolina1993/mailbox/src/services/extractAllFolders.service.go:69.28,70.62 1 0
github.com/bmolina1993/mailbox/src/services/extractAllFolders.service.go:70.62,79.30 6 0
github.com/bmolina1993/mailbox/src/services/extractAllFolders.service.go:95.11,97.51 3 0
github.com/bmolina1993/mailbox/src/services/extractAllFolders.service.go:79.30,80.64 1 0
github.com/bmolina1993/mailbox/src/services/extractAllFolders.service.go:80.64,92.13 8 0
github.com/bmolina1993/mailbox/src/services/postapi.service.go:14.45,19.16 3 0
github.com/bmolina1993/mailbox/src/services/postapi.service.go:27.2,28.16 2 0
github.com/bmolina1993/mailbox/src/services/postapi.service.go:31.2,36.16 5 0
github.com/bmolina1993/mailbox/src/services/postapi.service.go:39.2,44.16 5 0
github.com/bmolina1993/mailbox/src/services/postapi.service.go:47.2,47.27 1 0
github.com/bmolina1993/mailbox/src/services/postapi.service.go:19.16,21.3 1 0
github.com/bmolina1993/mailbox/src/services/postapi.service.go:28.16,30.3 1 0
github.com/bmolina1993/mailbox/src/services/postapi.service.go:36.16,38.3 1 0
github.com/bmolina1993/mailbox/src/services/postapi.service.go:44.16,46.3 1 0
github.com/bmolina1993/mailbox/src/services/read.service.go:13.56,17.16 3 1
github.com/bmolina1993/mailbox/src/services/read.service.go:22.2,24.29 2 1
github.com/bmolina1993/mailbox/src/services/read.service.go:28.2,28.21 1 1
github.com/bmolina1993/mailbox/src/services/read.service.go:17.16,19.3 1 1
github.com/bmolina1993/mailbox/src/services/read.service.go:24.29,26.3 1 1
github.com/bmolina1993/mailbox/src/services/read.service.go:32.48,35.16 3 1
github.com/bmolina1993/mailbox/src/services/read.service.go:38.2,38.29 1 1
github.com/bmolina1993/mailbox/src/services/read.service.go:35.16,37.3 1 1
github.com/bmolina1993/mailbox/src/services/read.service.go:42.39,44.16 2 0
github.com/bmolina1993/mailbox/src/services/read.service.go:50.2,53.21 3 0
github.com/bmolina1993/mailbox/src/services/read.service.go:44.16,47.3 1 0
github.com/bmolina1993/mailbox/src/services/read.service.go:53.21,56.3 2 0
