mode: set
github.com/bmolina1993/mailbox/src/services/extract.service.go:11.52,28.2 6 1
github.com/bmolina1993/mailbox/src/services/extract.service.go:31.43,41.2 5 1
github.com/bmolina1993/mailbox/src/services/extract.service.go:43.43,53.2 5 1
github.com/bmolina1993/mailbox/src/services/extract.service.go:57.43,70.23 5 1
github.com/bmolina1993/mailbox/src/services/extract.service.go:74.2,74.14 1 1
github.com/bmolina1993/mailbox/src/services/extract.service.go:70.23,72.3 1 1
github.com/bmolina1993/mailbox/src/services/extract.service.go:77.46,89.2 6 1
github.com/bmolina1993/mailbox/src/services/extract.service.go:93.87,111.37 6 1
github.com/bmolina1993/mailbox/src/services/extract.service.go:150.2,152.32 2 1
github.com/bmolina1993/mailbox/src/services/extract.service.go:111.37,114.13 2 1
github.com/bmolina1993/mailbox/src/services/extract.service.go:114.13,136.4 9 1
github.com/bmolina1993/mailbox/src/services/extract.service.go:136.9,140.4 2 1
github.com/bmolina1993/mailbox/src/services/extractAllFolders.service.go:5.66,22.34 1 0
github.com/bmolina1993/mailbox/src/services/extractAllFolders.service.go:22.34,43.45 3 0
github.com/bmolina1993/mailbox/src/services/extractAllFolders.service.go:43.45,45.13 2 0
github.com/bmolina1993/mailbox/src/services/extractAllFolders.service.go:45.13,49.24 3 0
github.com/bmolina1993/mailbox/src/services/extractAllFolders.service.go:49.24,50.58 1 0
github.com/bmolina1993/mailbox/src/services/extractAllFolders.service.go:50.58,59.26 6 0
github.com/bmolina1993/mailbox/src/services/extractAllFolders.service.go:107.7,109.47 3 0
github.com/bmolina1993/mailbox/src/services/extractAllFolders.service.go:59.26,60.60 1 0
github.com/bmolina1993/mailbox/src/services/extractAllFolders.service.go:60.60,69.28 6 0
github.com/bmolina1993/mailbox/src/services/extractAllFolders.service.go:101.9,103.49 3 0
github.com/bmolina1993/mailbox/src/services/extractAllFolders.service.go:69.28,70.62 1 0
github.com/bmolina1993/mailbox/src/services/extractAllFolders.service.go:70.62,79.30 6 0
github.com/bmolina1993/mailbox/src/services/extractAllFolders.service.go:95.11,97.51 3 0
github.com/bmolina1993/mailbox/src/services/extractAllFolders.service.go:79.30,80.64 1 0
github.com/bmolina1993/mailbox/src/services/extractAllFolders.service.go:80.64,92.13 8 0
github.com/bmolina1993/mailbox/src/services/postapi.service.go:12.45,17.16 3 1
github.com/bmolina1993/mailbox/src/services/postapi.service.go:25.2,26.16 2 1
github.com/bmolina1993/mailbox/src/services/postapi.service.go:29.2,34.16 5 1
github.com/bmolina1993/mailbox/src/services/postapi.service.go:37.2,37.25 1 1
github.com/bmolina1993/mailbox/src/services/postapi.service.go:17.16,19.3 1 0
github.com/bmolina1993/mailbox/src/services/postapi.service.go:26.16,28.3 1 0
github.com/bmolina1993/mailbox/src/services/postapi.service.go:34.16,36.3 1 0
github.com/bmolina1993/mailbox/src/services/read.service.go:9.56,13.16 3 1
github.com/bmolina1993/mailbox/src/services/read.service.go:18.2,20.29 2 1
github.com/bmolina1993/mailbox/src/services/read.service.go:24.2,24.21 1 1
github.com/bmolina1993/mailbox/src/services/read.service.go:13.16,15.3 1 1
github.com/bmolina1993/mailbox/src/services/read.service.go:20.29,22.3 1 1
github.com/bmolina1993/mailbox/src/services/read.service.go:28.48,31.16 3 1
github.com/bmolina1993/mailbox/src/services/read.service.go:34.2,34.29 1 1
github.com/bmolina1993/mailbox/src/services/read.service.go:31.16,33.3 1 1
github.com/bmolina1993/mailbox/src/services/deleteDocuments.service.go:32.36,41.16 4 0
github.com/bmolina1993/mailbox/src/services/deleteDocuments.service.go:45.2,46.16 2 0
github.com/bmolina1993/mailbox/src/services/deleteDocuments.service.go:49.2,54.16 5 0
github.com/bmolina1993/mailbox/src/services/deleteDocuments.service.go:57.2,68.20 6 0
github.com/bmolina1993/mailbox/src/services/deleteDocuments.service.go:41.16,43.3 1 0
github.com/bmolina1993/mailbox/src/services/deleteDocuments.service.go:46.16,48.3 1 0
github.com/bmolina1993/mailbox/src/services/deleteDocuments.service.go:54.16,56.3 1 0
github.com/bmolina1993/mailbox/src/services/deleteDocuments.service.go:71.41,77.37 5 0
github.com/bmolina1993/mailbox/src/services/deleteDocuments.service.go:77.37,82.17 4 0
github.com/bmolina1993/mailbox/src/services/deleteDocuments.service.go:85.3,90.17 5 0
github.com/bmolina1993/mailbox/src/services/deleteDocuments.service.go:93.3,95.17 3 0
github.com/bmolina1993/mailbox/src/services/deleteDocuments.service.go:99.3,101.37 3 0
github.com/bmolina1993/mailbox/src/services/deleteDocuments.service.go:82.17,84.4 1 0
github.com/bmolina1993/mailbox/src/services/deleteDocuments.service.go:90.17,92.4 1 0
github.com/bmolina1993/mailbox/src/services/deleteDocuments.service.go:95.17,97.4 1 0
